2022-12-04 16:19:14,665	INFO	mapper	mapping	Select MassIVE to search.
2022-12-04 16:19:14,666	INFO	mapper	mapping2peptides	Find 33 peptides all.
2022-12-04 16:19:15,115	INFO	mapper	mapping2peptides	Peptide ALAGGRDLSADRPR no request.
2022-12-04 16:19:15,559	INFO	retriever	retrieve	query:AVGTPAGGGFPR
2022-12-04 16:19:17,383	INFO	retriever	retrieve	page 0 is completed.
2022-12-04 16:19:17,863	INFO	retriever	retrieve	query:AVGTPAGGGFPRR
2022-12-04 16:19:18,322	INFO	retriever	retrieve	page 0 is completed.
2022-12-04 16:19:18,772	INFO	retriever	retrieve	query:CHFIHNAEER
2022-12-04 16:19:20,049	INFO	retriever	retrieve	page 0 is completed.
2022-12-04 16:19:20,508	INFO	retriever	retrieve	query:CHFIHNAEERR
2022-12-04 16:19:21,359	INFO	retriever	retrieve	page 0 is completed.
2022-12-04 16:19:21,822	INFO	retriever	retrieve	query:CQFAHGIHELR
2022-12-04 16:19:23,269	INFO	retriever	retrieve	page 0 is completed.
2022-12-04 16:19:23,723	INFO	retriever	retrieve	query:CQFAHGIHELRSLTR
2022-12-04 16:19:24,181	INFO	retriever	retrieve	page 0 is completed.
2022-12-04 16:19:24,627	INFO	retriever	retrieve	query:DLSADRPR
2022-12-04 16:19:25,942	INFO	retriever	retrieve	page 0 is completed.
2022-12-04 16:19:26,386	INFO	retriever	retrieve	query:DRSFSEGGER
2022-12-04 16:19:27,227	INFO	retriever	retrieve	page 0 is completed.
2022-12-04 16:19:27,685	INFO	retriever	retrieve	query:FHQNQLLSSLK
2022-12-04 16:19:29,300	INFO	retriever	retrieve	page 0 is completed.
2022-12-04 16:19:29,762	INFO	retriever	retrieve	query:FHQNQLLSSLKGEPAPSLSSR
2022-12-04 16:19:30,216	INFO	retriever	retrieve	page 0 is completed.
2022-12-04 16:19:30,679	INFO	retriever	retrieve	query:GEPAPSLSSR
2022-12-04 16:19:31,138	INFO	retriever	retrieve	page 0 is completed.
2022-12-04 16:19:31,589	INFO	mapper	mapping2peptides	Peptide GEPAPSLSSRDSR no request.
2022-12-04 16:19:32,054	INFO	mapper	mapping2peptides	Peptide GNKMLNYSTPSAGGCLLDR no request.
2022-12-04 16:19:32,514	INFO	retriever	retrieve	query:HSVTLPSSK
2022-12-04 16:19:33,560	INFO	retriever	retrieve	page 0 is completed.
2022-12-04 16:19:34,091	INFO	mapper	mapping2peptides	Peptide HSVTLPSSKFHQNQLLSSLK no request.
2022-12-04 16:19:39,635	INFO	retriever	retrieve	query:KAVGTPAGGGFPR
2022-12-04 16:19:40,486	INFO	retriever	retrieve	page 0 is completed.
2022-12-04 16:19:40,924	INFO	retriever	retrieve	query:LLPTQKQPGSGQVNSSR
2022-12-04 16:19:41,392	INFO	retriever	retrieve	page 0 is completed.
2022-12-04 16:19:41,844	INFO	retriever	retrieve	query:MLNYSTPSAGGCLLDR
2022-12-04 16:19:42,304	INFO	retriever	retrieve	page 0 is completed.
2022-12-04 16:19:42,757	INFO	retriever	retrieve	query:MLNYSTPSAGGCLLDRK
2022-12-04 16:19:43,213	INFO	retriever	retrieve	page 0 is completed.
2022-12-04 16:19:43,680	INFO	retriever	retrieve	query:MTTTLVSATIFDLSEVLCK
2022-12-04 16:19:44,137	INFO	retriever	retrieve	page 0 is completed.
2022-12-04 16:19:44,584	INFO	retriever	retrieve	query:MTTTLVSATIFDLSEVLCKGNK
2022-12-04 16:19:45,024	INFO	retriever	retrieve	page 0 is completed.
2022-12-04 16:19:45,482	INFO	retriever	retrieve	query:QPGSGQVNSSR
2022-12-04 16:19:45,935	INFO	retriever	retrieve	page 0 is completed.
2022-12-04 16:19:46,381	INFO	mapper	mapping2peptides	Peptide QPGSGQVNSSRYK no request.
2022-12-04 16:19:46,821	INFO	mapper	mapping2peptides	Peptide RALAGGR no request.
2022-12-04 16:19:47,287	INFO	retriever	retrieve	query:RHSVTLPSSK
2022-12-04 16:19:48,521	INFO	retriever	retrieve	page 0 is completed.
2022-12-04 16:19:48,986	INFO	retriever	retrieve	query:SFSEGGER
2022-12-04 16:19:50,007	INFO	retriever	retrieve	page 0 is completed.
2022-12-04 16:19:50,466	INFO	retriever	retrieve	query:SFSEGGERLLPTQK
2022-12-04 16:19:50,924	INFO	retriever	retrieve	page 0 is completed.
2022-12-04 16:19:51,398	INFO	retriever	retrieve	query:TELCRPFEENGACK
2022-12-04 16:19:52,900	INFO	retriever	retrieve	page 0 is completed.
2022-12-04 16:19:53,366	INFO	mapper	mapping2peptides	Peptide TELCRPFEENGACKYGDK no request.
2022-12-04 16:19:53,859	INFO	mapper	mapping2peptides	Peptide TFHTIGFCPYGPRCHFIHNAEER no request.
2022-12-04 16:19:54,340	INFO	retriever	retrieve	query:YGDKCQFAHGIHELR
2022-12-04 16:19:54,991	INFO	retriever	retrieve	page 0 is completed.
2022-12-04 16:19:55,436	INFO	retriever	retrieve	query:YKTELCRPFEENGACK
2022-12-04 16:19:56,084	INFO	retriever	retrieve	page 0 is completed.
2022-12-04 16:19:56,848	INFO	retriever	retrieve	query:P23950
2022-12-04 16:19:57,991	INFO	retriever	retrieve	page 0 is completed.
2022-12-04 16:19:57,991	INFO	mapper	mapping2project	Mapping to project...
2022-12-04 16:21:25,575	INFO	mapper	mapping2project	MassIVE mapping completed.
