2022-12-26 23:36:41,628	INFO	mapper	mapping	Select MassIVE to search.
2022-12-26 23:36:41,628	INFO	mapper	mapping2peptides	Find 33 peptides all.
2022-12-26 23:36:42,144	INFO	mapper	mapping2peptides	Peptide ALAGGRDLSADRPR no request.
2022-12-26 23:36:42,581	INFO	retriever	retrieve	query:AVGTPAGGGFPR
2022-12-26 23:36:44,499	INFO	retriever	retrieve	page 0 is completed.
2022-12-26 23:36:44,999	INFO	retriever	retrieve	query:AVGTPAGGGFPRR
2022-12-26 23:36:45,452	INFO	retriever	retrieve	page 0 is completed.
2022-12-26 23:36:45,921	INFO	retriever	retrieve	query:CHFIHNAEER
2022-12-26 23:36:47,420	INFO	retriever	retrieve	page 0 is completed.
2022-12-26 23:36:47,889	INFO	retriever	retrieve	query:CHFIHNAEERR
2022-12-26 23:36:48,748	INFO	retriever	retrieve	page 0 is completed.
2022-12-26 23:36:49,232	INFO	retriever	retrieve	query:CQFAHGIHELR
2022-12-26 23:36:50,919	INFO	retriever	retrieve	page 0 is completed.
2022-12-26 23:36:51,435	INFO	retriever	retrieve	query:CQFAHGIHELRSLTR
2022-12-26 23:36:51,904	INFO	retriever	retrieve	page 0 is completed.
2022-12-26 23:36:52,388	INFO	retriever	retrieve	query:DLSADRPR
2022-12-26 23:36:53,934	INFO	retriever	retrieve	page 0 is completed.
2022-12-26 23:36:54,403	INFO	retriever	retrieve	query:DRSFSEGGER
2022-12-26 23:36:55,293	INFO	retriever	retrieve	page 0 is completed.
2022-12-26 23:36:55,746	INFO	retriever	retrieve	query:FHQNQLLSSLK
2022-12-26 23:36:57,668	INFO	retriever	retrieve	page 0 is completed.
2022-12-26 23:36:58,121	INFO	retriever	retrieve	query:FHQNQLLSSLKGEPAPSLSSR
2022-12-26 23:36:58,574	INFO	retriever	retrieve	page 0 is completed.
2022-12-26 23:36:59,027	INFO	retriever	retrieve	query:GEPAPSLSSR
2022-12-26 23:36:59,480	INFO	retriever	retrieve	page 0 is completed.
2022-12-26 23:36:59,949	INFO	mapper	mapping2peptides	Peptide GEPAPSLSSRDSR no request.
2022-12-26 23:37:00,402	INFO	mapper	mapping2peptides	Peptide GNKMLNYSTPSAGGCLLDR no request.
2022-12-26 23:37:00,855	INFO	retriever	retrieve	query:HSVTLPSSK
2022-12-26 23:37:01,870	INFO	retriever	retrieve	page 0 is completed.
2022-12-26 23:37:02,323	INFO	mapper	mapping2peptides	Peptide HSVTLPSSKFHQNQLLSSLK no request.
2022-12-26 23:37:02,776	INFO	retriever	retrieve	query:KAVGTPAGGGFPR
2022-12-26 23:37:03,432	INFO	retriever	retrieve	page 0 is completed.
2022-12-26 23:37:03,916	INFO	retriever	retrieve	query:LLPTQKQPGSGQVNSSR
2022-12-26 23:37:04,354	INFO	retriever	retrieve	page 0 is completed.
2022-12-26 23:37:04,807	INFO	retriever	retrieve	query:MLNYSTPSAGGCLLDR
2022-12-26 23:37:05,244	INFO	retriever	retrieve	page 0 is completed.
2022-12-26 23:37:05,697	INFO	retriever	retrieve	query:MLNYSTPSAGGCLLDRK
2022-12-26 23:37:06,150	INFO	retriever	retrieve	page 0 is completed.
2022-12-26 23:37:06,650	INFO	retriever	retrieve	query:MTTTLVSATIFDLSEVLCK
2022-12-26 23:37:07,119	INFO	retriever	retrieve	page 0 is completed.
2022-12-26 23:37:07,572	INFO	retriever	retrieve	query:MTTTLVSATIFDLSEVLCKGNK
2022-12-26 23:37:07,994	INFO	retriever	retrieve	page 0 is completed.
2022-12-26 23:37:08,431	INFO	retriever	retrieve	query:QPGSGQVNSSR
2022-12-26 23:37:08,946	INFO	retriever	retrieve	page 0 is completed.
2022-12-26 23:37:09,384	INFO	mapper	mapping2peptides	Peptide QPGSGQVNSSRYK no request.
2022-12-26 23:37:09,837	INFO	mapper	mapping2peptides	Peptide RALAGGR no request.
2022-12-26 23:37:10,290	INFO	retriever	retrieve	query:RHSVTLPSSK
2022-12-26 23:37:11,571	INFO	retriever	retrieve	page 0 is completed.
2022-12-26 23:37:12,039	INFO	retriever	retrieve	query:SFSEGGER
2022-12-26 23:37:13,133	INFO	retriever	retrieve	page 0 is completed.
2022-12-26 23:37:13,602	INFO	retriever	retrieve	query:SFSEGGERLLPTQK
2022-12-26 23:37:14,055	INFO	retriever	retrieve	page 0 is completed.
2022-12-26 23:37:14,508	INFO	retriever	retrieve	query:TELCRPFEENGACK
2022-12-26 23:37:15,789	INFO	retriever	retrieve	page 0 is completed.
2022-12-26 23:37:16,242	INFO	mapper	mapping2peptides	Peptide TELCRPFEENGACKYGDK no request.
2022-12-26 23:37:16,680	INFO	mapper	mapping2peptides	Peptide TFHTIGFCPYGPRCHFIHNAEER no request.
2022-12-26 23:37:17,117	INFO	retriever	retrieve	query:YGDKCQFAHGIHELR
2022-12-26 23:37:17,789	INFO	retriever	retrieve	page 0 is completed.
2022-12-26 23:37:18,242	INFO	retriever	retrieve	query:YKTELCRPFEENGACK
2022-12-26 23:37:19,101	INFO	retriever	retrieve	page 0 is completed.
2022-12-26 23:37:19,882	INFO	retriever	retrieve	query:P23950
2022-12-26 23:37:21,069	INFO	retriever	retrieve	page 0 is completed.
2022-12-26 23:37:21,069	INFO	mapper	mapping2project	Mapping to project...
2022-12-26 23:38:51,091	INFO	mapper	mapping2project	MassIVE mapping completed.
